Exporter version: 5.6.4, Blender version: 2.79 (sub 0)
========= Conversion from Blender to Babylon.js =========
	Scene settings used :
		export scope        :  ALL
		inline textures     :  false
		Positions Precision :  4
		Normals Precision   :  3
		UVs Precision       :  3
		Vert Color Precision:  3
		Mat Weight Precision:  2
		texture directory   :  C:\Users\cian\Downloads\monitor\
	Python World class constructor completed
	processing begun of mesh:  Cube.014
		processing begun of baked material:  Cube.014
		num positions      :  2505
		num normals        :  2505
		num uvs            :  5010
		num uvs2           :  0
		num colors         :  0
		num indices        :  11124
	processing begun of mesh:  Cube.013
		processing begun of baked material:  Cube.013
		num positions      :  1249
		num normals        :  1249
		num uvs            :  2498
		num uvs2           :  0
		num colors         :  0
		num indices        :  5172
	processing begun of mesh:  Plane.005
		processing begun of baked material:  Plane.005
			Cycles baking texture, type: DIFFUSE, mapped using: UVMap
			Cycles baking texture, type: EMIT, mapped using: UVMap
		num positions      :  15
		num normals        :  15
		num uvs            :  30
		num uvs2           :  0
		num colors         :  0
		num indices        :  36
	processing begun of mesh:  Monitor.Left
		processing begun of baked material:  Monitor.Left
		num positions      :  4
		num normals        :  4
		num uvs            :  8
		num uvs2           :  0
		num colors         :  0
		num indices        :  6
	processing begun of mesh:  Sphere.002
		processing begun of baked material:  Sphere.002
		num positions      :  1919
		num normals        :  1919
		num uvs            :  3838
		num uvs2           :  0
		num colors         :  0
		num indices        :  8610
	processing begun of mesh:  Cube.012
		processing begun of baked material:  Cube.012
		num positions      :  311
		num normals        :  311
		num uvs            :  622
		num uvs2           :  0
		num colors         :  1244
		num indices        :  900
	processing begun of mesh:  Cylinder.005
		processing begun of baked material:  Cylinder.005
		num positions      :  430
		num normals        :  430
		num uvs            :  860
		num uvs2           :  0
		num colors         :  0
		num indices        :  1332
	processing begun of mesh:  Torus.002
		processing begun of baked material:  Torus.002
		num positions      :  1285
		num normals        :  1285
		num uvs            :  2570
		num uvs2           :  0
		num colors         :  0
		num indices        :  3456
	processing begun of mesh:  Cube.011
		processing begun of baked material:  Cube.011
		num positions      :  1254
		num normals        :  1254
		num uvs            :  2508
		num uvs2           :  0
		num colors         :  0
		num indices        :  5172
	processing begun of mesh:  Cylinder.004
		processing begun of baked material:  Cylinder.004
		num positions      :  252
		num normals        :  252
		num uvs            :  504
		num uvs2           :  0
		num colors         :  0
		num indices        :  372
	processing begun of mesh:  Cube.010
		processing begun of baked material:  Cube.010
			Cycles baking texture, type: EMIT, mapped using: BakingUV
		num positions      :  212
		num normals        :  212
		num uvs            :  424
		num uvs2           :  0
		num colors         :  0
		num indices        :  564
	processing begun of mesh:  Cube.009
		processing begun of baked material:  Cube.009
		num positions      :  2505
		num normals        :  2505
		num uvs            :  5010
		num uvs2           :  0
		num colors         :  0
		num indices        :  11124
	processing begun of mesh:  Cube.008
		processing begun of baked material:  Cube.008
		num positions      :  1249
		num normals        :  1249
		num uvs            :  2498
		num uvs2           :  0
		num colors         :  0
		num indices        :  5172
	processing begun of mesh:  Plane.003
		processing begun of baked material:  Plane.003
			Cycles baking texture, type: DIFFUSE, mapped using: UVMap
			Cycles baking texture, type: EMIT, mapped using: UVMap
		num positions      :  15
		num normals        :  15
		num uvs            :  30
		num uvs2           :  0
		num colors         :  0
		num indices        :  36
	processing begun of mesh:  Monitor.Right
		processing begun of baked material:  Monitor.Right
		num positions      :  4
		num normals        :  4
		num uvs            :  8
		num uvs2           :  0
		num colors         :  0
		num indices        :  6
	processing begun of mesh:  Sphere.001
		processing begun of baked material:  Sphere.001
		num positions      :  1919
		num normals        :  1919
		num uvs            :  3838
		num uvs2           :  0
		num colors         :  0
		num indices        :  8610
	processing begun of mesh:  Cube.007
		processing begun of baked material:  Cube.007
		num positions      :  311
		num normals        :  311
		num uvs            :  622
		num uvs2           :  0
		num colors         :  1244
		num indices        :  900
	processing begun of mesh:  Cylinder.003
		processing begun of baked material:  Cylinder.003
		num positions      :  430
		num normals        :  430
		num uvs            :  860
		num uvs2           :  0
		num colors         :  0
		num indices        :  1332
	processing begun of mesh:  Torus.001
		processing begun of baked material:  Torus.001
		num positions      :  1285
		num normals        :  1285
		num uvs            :  2570
		num uvs2           :  0
		num colors         :  0
		num indices        :  3456
	processing begun of mesh:  Cube.006
		processing begun of baked material:  Cube.006
		num positions      :  1254
		num normals        :  1254
		num uvs            :  2508
		num uvs2           :  0
		num colors         :  0
		num indices        :  5172
	processing begun of mesh:  Cylinder.002
		processing begun of baked material:  Cylinder.002
		num positions      :  252
		num normals        :  252
		num uvs            :  504
		num uvs2           :  0
		num colors         :  0
		num indices        :  372
	processing begun of mesh:  Cube.005
		processing begun of baked material:  Cube.005
			Cycles baking texture, type: EMIT, mapped using: BakingUV
		num positions      :  212
		num normals        :  212
		num uvs            :  424
		num uvs2           :  0
		num colors         :  0
		num indices        :  564
	WARNING: The following object (type - CURVE) is not currently exportable thus ignored: BezierCircle
	processing begun of mesh:  Cube.004
		processing begun of baked material:  Cube.004
			Cycles baking texture, type: EMIT, mapped using: BakingUV
		num positions      :  212
		num normals        :  212
		num uvs            :  424
		num uvs2           :  0
		num colors         :  0
		num indices        :  564
	processing begun of mesh:  Cylinder.001
		processing begun of baked material:  Cylinder.001
		num positions      :  252
		num normals        :  252
		num uvs            :  504
		num uvs2           :  0
		num colors         :  0
		num indices        :  372
	processing begun of mesh:  Cube.003
		processing begun of baked material:  Cube.003
		num positions      :  1254
		num normals        :  1254
		num uvs            :  2508
		num uvs2           :  0
		num colors         :  0
		num indices        :  5172
	processing begun of mesh:  Torus
		processing begun of baked material:  Torus
		num positions      :  1285
		num normals        :  1285
		num uvs            :  2570
		num uvs2           :  0
		num colors         :  0
		num indices        :  3456
	processing begun of mesh:  Cylinder
		processing begun of baked material:  Cylinder
		num positions      :  430
		num normals        :  430
		num uvs            :  860
		num uvs2           :  0
		num colors         :  0
		num indices        :  1332
	processing begun of mesh:  Cube.002
		processing begun of baked material:  Cube.002
		num positions      :  311
		num normals        :  311
		num uvs            :  622
		num uvs2           :  0
		num colors         :  1244
		num indices        :  900
	processing begun of mesh:  Sphere
		processing begun of baked material:  Sphere
		num positions      :  1919
		num normals        :  1919
		num uvs            :  3838
		num uvs2           :  0
		num colors         :  0
		num indices        :  8610
	processing begun of mesh:  Monitor.Center
		processing begun of baked material:  Monitor.Center
		num positions      :  4
		num normals        :  4
		num uvs            :  8
		num uvs2           :  0
		num colors         :  0
		num indices        :  6
	processing begun of mesh:  Plane
		processing begun of baked material:  Plane
			Cycles baking texture, type: DIFFUSE, mapped using: UVMap
			Cycles baking texture, type: EMIT, mapped using: UVMap
		num positions      :  15
		num normals        :  15
		num uvs            :  30
		num uvs2           :  0
		num colors         :  0
		num indices        :  36
	processing begun of mesh:  Cube.001
		processing begun of baked material:  Cube.001
		num positions      :  1249
		num normals        :  1249
		num uvs            :  2498
		num uvs2           :  0
		num colors         :  0
		num indices        :  5172
	processing begun of mesh:  Cube
		processing begun of baked material:  Cube
		num positions      :  2505
		num normals        :  2505
		num uvs            :  5010
		num uvs2           :  0
		num colors         :  0
		num indices        :  11124
	processing begun of camera (UniversalCamera):  Camera
	processing begun of light (POINT):  Point
========= Writing of scene file started =========
========= Writing of scene file completed =========
========= end of processing =========
elapsed time:  0 min, 17.0059 secs
